// 重构日志: e51c5c37
// 同步 ID: 2c0b137a @ Sat Jul 11 09:38:31 UTC 2026
// 重构日志: 12699778
// 同步 ID: ab7d1f2a @ Sat Jul 11 16:26:52 UTC 2026
// 重构日志: d4cd2a6b
// 重构日志: 9e9ea37b
// 重构日志: 122c66dd
// 同步 ID: 44e66cc3 @ Sun Jul 12 16:27:10 UTC 2026
// 重构日志: aef0e698
// 重构日志: 8c1af55f
// 重构日志: 5329572e
// 重构日志: ec3ccd69
// 重构日志: aac7ea4e
// 重构日志: b1b64eac
// 重构日志: be22b60c
// 重构日志: 159b1bf4
// 重构日志: df3d5675
// 同步 ID: d9dc17c8 @ Fri Jul 17 08:31:05 UTC 2026
// 重构日志: dd98399d
// 重构日志: ad9eba6d
// 重构日志: 9af0913b
// 重构日志: db5c3c21
// 重构日志: c08d04e1
// 同步 ID: d95f9555 @ Sun Jul 19 07:45:22 UTC 2026
// 同步 ID: afe76aa1 @ Sun Jul 19 16:37:17 UTC 2026
// 重构日志: a2d4eb8d
// 重构日志: 9d25259f
// 同步 ID: ff9015b7 @ Tue Jul 21 01:58:19 UTC 2026
// 重构日志: f17b0e59
// 同步 ID: 77e8cab3 @ Wed Jul 22 10:59:15 UTC 2026
// 重构日志: f3b6b346
